<?xml version="1.0" encoding="UTF-8"?>
<testsuite xmlns:xsi="http://www.w3.org/2001/XMLSchema-instance" xsi:noNamespaceSchemaLocation="https://maven.apache.org/surefire/maven-surefire-plugin/xsd/surefire-test-report-3.0.xsd" version="3.0" name="cucumber.runners.TestRunner" time="175.028" tests="6" errors="0" skipped="0" failures="0">
  <properties>
    <property name="java.specification.version" value="17"/>
    <property name="sun.cpu.isalist" value="amd64"/>
    <property name="sun.jnu.encoding" value="Cp1252"/>
    <property name="java.class.path" value="C:\Users\2318686\eclipse-workspace\FindingInterestHackathon\target\test-classes;C:\Users\2318686\eclipse-workspace\FindingInterestHackathon\target\classes;C:\Users\2318686\.m2\repository\org\projectlombok\lombok\1.18.28\lombok-1.18.28.jar;C:\Users\2318686\.m2\repository\org\seleniumhq\selenium\selenium-java\4.21.0\selenium-java-4.21.0.jar;C:\Users\2318686\.m2\repository\org\seleniumhq\selenium\selenium-api\4.21.0\selenium-api-4.21.0.jar;C:\Users\2318686\.m2\repository\org\seleniumhq\selenium\selenium-chrome-driver\4.21.0\selenium-chrome-driver-4.21.0.jar;C:\Users\2318686\.m2\repository\com\google\auto\service\auto-service-annotations\1.1.1\auto-service-annotations-1.1.1.jar;C:\Users\2318686\.m2\repository\org\seleniumhq\selenium\selenium-chromium-driver\4.21.0\selenium-chromium-driver-4.21.0.jar;C:\Users\2318686\.m2\repository\org\seleniumhq\selenium\selenium-json\4.21.0\selenium-json-4.21.0.jar;C:\Users\2318686\.m2\repository\org\seleniumhq\selenium\selenium-manager\4.21.0\selenium-manager-4.21.0.jar;C:\Users\2318686\.m2\repository\org\seleniumhq\selenium\selenium-devtools-v123\4.21.0\selenium-devtools-v123-4.21.0.jar;C:\Users\2318686\.m2\repository\org\seleniumhq\selenium\selenium-devtools-v124\4.21.0\selenium-devtools-v124-4.21.0.jar;C:\Users\2318686\.m2\repository\org\seleniumhq\selenium\selenium-devtools-v125\4.21.0\selenium-devtools-v125-4.21.0.jar;C:\Users\2318686\.m2\repository\org\seleniumhq\selenium\selenium-devtools-v85\4.21.0\selenium-devtools-v85-4.21.0.jar;C:\Users\2318686\.m2\repository\org\seleniumhq\selenium\selenium-edge-driver\4.21.0\selenium-edge-driver-4.21.0.jar;C:\Users\2318686\.m2\repository\org\seleniumhq\selenium\selenium-firefox-driver\4.21.0\selenium-firefox-driver-4.21.0.jar;C:\Users\2318686\.m2\repository\org\seleniumhq\selenium\selenium-http\4.21.0\selenium-http-4.21.0.jar;C:\Users\2318686\.m2\repository\dev\failsafe\failsafe\3.3.2\failsafe-3.3.2.jar;C:\Users\2318686\.m2\repository\org\seleniumhq\selenium\selenium-ie-driver\4.21.0\selenium-ie-driver-4.21.0.jar;C:\Users\2318686\.m2\repository\org\seleniumhq\selenium\selenium-remote-driver\4.21.0\selenium-remote-driver-4.21.0.jar;C:\Users\2318686\.m2\repository\com\google\guava\guava\33.2.0-jre\guava-33.2.0-jre.jar;C:\Users\2318686\.m2\repository\com\google\guava\failureaccess\1.0.2\failureaccess-1.0.2.jar;C:\Users\2318686\.m2\repository\com\google\guava\listenablefuture\9999.0-empty-to-avoid-conflict-with-guava\listenablefuture-9999.0-empty-to-avoid-conflict-with-guava.jar;C:\Users\2318686\.m2\repository\com\google\code\findbugs\jsr305\3.0.2\jsr305-3.0.2.jar;C:\Users\2318686\.m2\repository\org\checkerframework\checker-qual\3.42.0\checker-qual-3.42.0.jar;C:\Users\2318686\.m2\repository\com\google\errorprone\error_prone_annotations\2.26.1\error_prone_annotations-2.26.1.jar;C:\Users\2318686\.m2\repository\com\google\j2objc\j2objc-annotations\3.0.0\j2objc-annotations-3.0.0.jar;C:\Users\2318686\.m2\repository\io\opentelemetry\semconv\opentelemetry-semconv\1.25.0-alpha\opentelemetry-semconv-1.25.0-alpha.jar;C:\Users\2318686\.m2\repository\io\opentelemetry\opentelemetry-api\1.38.0\opentelemetry-api-1.38.0.jar;C:\Users\2318686\.m2\repository\io\opentelemetry\opentelemetry-context\1.38.0\opentelemetry-context-1.38.0.jar;C:\Users\2318686\.m2\repository\io\opentelemetry\opentelemetry-exporter-logging\1.38.0\opentelemetry-exporter-logging-1.38.0.jar;C:\Users\2318686\.m2\repository\io\opentelemetry\opentelemetry-sdk-common\1.38.0\opentelemetry-sdk-common-1.38.0.jar;C:\Users\2318686\.m2\repository\io\opentelemetry\opentelemetry-sdk-extension-autoconfigure-spi\1.38.0\opentelemetry-sdk-extension-autoconfigure-spi-1.38.0.jar;C:\Users\2318686\.m2\repository\io\opentelemetry\opentelemetry-sdk-extension-autoconfigure\1.38.0\opentelemetry-sdk-extension-autoconfigure-1.38.0.jar;C:\Users\2318686\.m2\repository\io\opentelemetry\opentelemetry-api-incubator\1.38.0-alpha\opentelemetry-api-incubator-1.38.0-alpha.jar;C:\Users\2318686\.m2\repository\io\opentelemetry\opentelemetry-sdk-trace\1.38.0\opentelemetry-sdk-trace-1.38.0.jar;C:\Users\2318686\.m2\repository\io\opentelemetry\opentelemetry-sdk\1.38.0\opentelemetry-sdk-1.38.0.jar;C:\Users\2318686\.m2\repository\io\opentelemetry\opentelemetry-sdk-metrics\1.38.0\opentelemetry-sdk-metrics-1.38.0.jar;C:\Users\2318686\.m2\repository\io\opentelemetry\opentelemetry-sdk-logs\1.38.0\opentelemetry-sdk-logs-1.38.0.jar;C:\Users\2318686\.m2\repository\net\bytebuddy\byte-buddy\1.14.15\byte-buddy-1.14.15.jar;C:\Users\2318686\.m2\repository\org\seleniumhq\selenium\selenium-os\4.21.0\selenium-os-4.21.0.jar;C:\Users\2318686\.m2\repository\org\apache\commons\commons-exec\1.4.0\commons-exec-1.4.0.jar;C:\Users\2318686\.m2\repository\org\seleniumhq\selenium\selenium-safari-driver\4.21.0\selenium-safari-driver-4.21.0.jar;C:\Users\2318686\.m2\repository\org\seleniumhq\selenium\selenium-support\4.21.0\selenium-support-4.21.0.jar;C:\Users\2318686\.m2\repository\junit\junit\4.13.2\junit-4.13.2.jar;C:\Users\2318686\.m2\repository\org\hamcrest\hamcrest-core\1.3\hamcrest-core-1.3.jar;C:\Users\2318686\.m2\repository\org\apache\poi\poi-ooxml\5.2.3\poi-ooxml-5.2.3.jar;C:\Users\2318686\.m2\repository\org\apache\poi\poi\5.2.3\poi-5.2.3.jar;C:\Users\2318686\.m2\repository\commons-codec\commons-codec\1.15\commons-codec-1.15.jar;C:\Users\2318686\.m2\repository\org\apache\commons\commons-math3\3.6.1\commons-math3-3.6.1.jar;C:\Users\2318686\.m2\repository\com\zaxxer\SparseBitSet\1.2\SparseBitSet-1.2.jar;C:\Users\2318686\.m2\repository\org\apache\poi\poi-ooxml-lite\5.2.3\poi-ooxml-lite-5.2.3.jar;C:\Users\2318686\.m2\repository\org\apache\xmlbeans\xmlbeans\5.1.1\xmlbeans-5.1.1.jar;C:\Users\2318686\.m2\repository\org\apache\commons\commons-compress\1.21\commons-compress-1.21.jar;C:\Users\2318686\.m2\repository\commons-io\commons-io\2.11.0\commons-io-2.11.0.jar;C:\Users\2318686\.m2\repository\com\github\virtuald\curvesapi\1.07\curvesapi-1.07.jar;C:\Users\2318686\.m2\repository\org\apache\logging\log4j\log4j-api\2.18.0\log4j-api-2.18.0.jar;C:\Users\2318686\.m2\repository\org\apache\commons\commons-collections4\4.4\commons-collections4-4.4.jar;C:\Users\2318686\.m2\repository\io\cucumber\cucumber-java\7.18.0\cucumber-java-7.18.0.jar;C:\Users\2318686\.m2\repository\io\cucumber\cucumber-core\7.18.0\cucumber-core-7.18.0.jar;C:\Users\2318686\.m2\repository\io\cucumber\cucumber-gherkin\7.18.0\cucumber-gherkin-7.18.0.jar;C:\Users\2318686\.m2\repository\io\cucumber\cucumber-gherkin-messages\7.18.0\cucumber-gherkin-messages-7.18.0.jar;C:\Users\2318686\.m2\repository\io\cucumber\gherkin\28.0.0\gherkin-28.0.0.jar;C:\Users\2318686\.m2\repository\io\cucumber\messages\24.1.0\messages-24.1.0.jar;C:\Users\2318686\.m2\repository\io\cucumber\testng-xml-formatter\0.1.0\testng-xml-formatter-0.1.0.jar;C:\Users\2318686\.m2\repository\io\cucumber\query\12.1.2\query-12.1.2.jar;C:\Users\2318686\.m2\repository\io\cucumber\tag-expressions\6.1.0\tag-expressions-6.1.0.jar;C:\Users\2318686\.m2\repository\io\cucumber\cucumber-expressions\17.1.0\cucumber-expressions-17.1.0.jar;C:\Users\2318686\.m2\repository\io\cucumber\datatable\7.18.0\datatable-7.18.0.jar;C:\Users\2318686\.m2\repository\io\cucumber\cucumber-plugin\7.18.0\cucumber-plugin-7.18.0.jar;C:\Users\2318686\.m2\repository\io\cucumber\docstring\7.18.0\docstring-7.18.0.jar;C:\Users\2318686\.m2\repository\io\cucumber\html-formatter\21.3.1\html-formatter-21.3.1.jar;C:\Users\2318686\.m2\repository\io\cucumber\junit-xml-formatter\0.4.0\junit-xml-formatter-0.4.0.jar;C:\Users\2318686\.m2\repository\io\cucumber\ci-environment\10.0.1\ci-environment-10.0.1.jar;C:\Users\2318686\.m2\repository\org\apiguardian\apiguardian-api\1.1.2\apiguardian-api-1.1.2.jar;C:\Users\2318686\.m2\repository\io\cucumber\cucumber-junit\7.18.0\cucumber-junit-7.18.0.jar;C:\Users\2318686\.m2\repository\log4j\log4j\1.2.17\log4j-1.2.17.jar;"/>
    <property name="java.vm.vendor" value="Eclipse Adoptium"/>
    <property name="sun.arch.data.model" value="64"/>
    <property name="user.variant" value=""/>
    <property name="java.vendor.url" value="https://adoptium.net/"/>
    <property name="user.timezone" value="Asia/Calcutta"/>
    <property name="os.name" value="Windows 11"/>
    <property name="java.vm.specification.version" value="17"/>
    <property name="sun.java.launcher" value="SUN_STANDARD"/>
    <property name="user.country" value="IN"/>
    <property name="sun.boot.library.path" value="C:\Users\2318686\OneDrive - Cognizant\Documents\eclipse\plugins\org.eclipse.justj.openjdk.hotspot.jre.full.win32.x86_64_17.0.9.v20231028-0858\jre\bin"/>
    <property name="sun.java.command" value="C:\Users\2318686\AppData\Local\Temp\surefire11835075298454891071\surefirebooter-20240620173305481_3.jar C:\Users\2318686\AppData\Local\Temp\surefire11835075298454891071 2024-06-20T17-33-05_244-jvmRun1 surefire-20240620173305481_1tmp surefire_0-20240620173305481_2tmp"/>
    <property name="jdk.debug" value="release"/>
    <property name="surefire.test.class.path" value="C:\Users\2318686\eclipse-workspace\FindingInterestHackathon\target\test-classes;C:\Users\2318686\eclipse-workspace\FindingInterestHackathon\target\classes;C:\Users\2318686\.m2\repository\org\projectlombok\lombok\1.18.28\lombok-1.18.28.jar;C:\Users\2318686\.m2\repository\org\seleniumhq\selenium\selenium-java\4.21.0\selenium-java-4.21.0.jar;C:\Users\2318686\.m2\repository\org\seleniumhq\selenium\selenium-api\4.21.0\selenium-api-4.21.0.jar;C:\Users\2318686\.m2\repository\org\seleniumhq\selenium\selenium-chrome-driver\4.21.0\selenium-chrome-driver-4.21.0.jar;C:\Users\2318686\.m2\repository\com\google\auto\service\auto-service-annotations\1.1.1\auto-service-annotations-1.1.1.jar;C:\Users\2318686\.m2\repository\org\seleniumhq\selenium\selenium-chromium-driver\4.21.0\selenium-chromium-driver-4.21.0.jar;C:\Users\2318686\.m2\repository\org\seleniumhq\selenium\selenium-json\4.21.0\selenium-json-4.21.0.jar;C:\Users\2318686\.m2\repository\org\seleniumhq\selenium\selenium-manager\4.21.0\selenium-manager-4.21.0.jar;C:\Users\2318686\.m2\repository\org\seleniumhq\selenium\selenium-devtools-v123\4.21.0\selenium-devtools-v123-4.21.0.jar;C:\Users\2318686\.m2\repository\org\seleniumhq\selenium\selenium-devtools-v124\4.21.0\selenium-devtools-v124-4.21.0.jar;C:\Users\2318686\.m2\repository\org\seleniumhq\selenium\selenium-devtools-v125\4.21.0\selenium-devtools-v125-4.21.0.jar;C:\Users\2318686\.m2\repository\org\seleniumhq\selenium\selenium-devtools-v85\4.21.0\selenium-devtools-v85-4.21.0.jar;C:\Users\2318686\.m2\repository\org\seleniumhq\selenium\selenium-edge-driver\4.21.0\selenium-edge-driver-4.21.0.jar;C:\Users\2318686\.m2\repository\org\seleniumhq\selenium\selenium-firefox-driver\4.21.0\selenium-firefox-driver-4.21.0.jar;C:\Users\2318686\.m2\repository\org\seleniumhq\selenium\selenium-http\4.21.0\selenium-http-4.21.0.jar;C:\Users\2318686\.m2\repository\dev\failsafe\failsafe\3.3.2\failsafe-3.3.2.jar;C:\Users\2318686\.m2\repository\org\seleniumhq\selenium\selenium-ie-driver\4.21.0\selenium-ie-driver-4.21.0.jar;C:\Users\2318686\.m2\repository\org\seleniumhq\selenium\selenium-remote-driver\4.21.0\selenium-remote-driver-4.21.0.jar;C:\Users\2318686\.m2\repository\com\google\guava\guava\33.2.0-jre\guava-33.2.0-jre.jar;C:\Users\2318686\.m2\repository\com\google\guava\failureaccess\1.0.2\failureaccess-1.0.2.jar;C:\Users\2318686\.m2\repository\com\google\guava\listenablefuture\9999.0-empty-to-avoid-conflict-with-guava\listenablefuture-9999.0-empty-to-avoid-conflict-with-guava.jar;C:\Users\2318686\.m2\repository\com\google\code\findbugs\jsr305\3.0.2\jsr305-3.0.2.jar;C:\Users\2318686\.m2\repository\org\checkerframework\checker-qual\3.42.0\checker-qual-3.42.0.jar;C:\Users\2318686\.m2\repository\com\google\errorprone\error_prone_annotations\2.26.1\error_prone_annotations-2.26.1.jar;C:\Users\2318686\.m2\repository\com\google\j2objc\j2objc-annotations\3.0.0\j2objc-annotations-3.0.0.jar;C:\Users\2318686\.m2\repository\io\opentelemetry\semconv\opentelemetry-semconv\1.25.0-alpha\opentelemetry-semconv-1.25.0-alpha.jar;C:\Users\2318686\.m2\repository\io\opentelemetry\opentelemetry-api\1.38.0\opentelemetry-api-1.38.0.jar;C:\Users\2318686\.m2\repository\io\opentelemetry\opentelemetry-context\1.38.0\opentelemetry-context-1.38.0.jar;C:\Users\2318686\.m2\repository\io\opentelemetry\opentelemetry-exporter-logging\1.38.0\opentelemetry-exporter-logging-1.38.0.jar;C:\Users\2318686\.m2\repository\io\opentelemetry\opentelemetry-sdk-common\1.38.0\opentelemetry-sdk-common-1.38.0.jar;C:\Users\2318686\.m2\repository\io\opentelemetry\opentelemetry-sdk-extension-autoconfigure-spi\1.38.0\opentelemetry-sdk-extension-autoconfigure-spi-1.38.0.jar;C:\Users\2318686\.m2\repository\io\opentelemetry\opentelemetry-sdk-extension-autoconfigure\1.38.0\opentelemetry-sdk-extension-autoconfigure-1.38.0.jar;C:\Users\2318686\.m2\repository\io\opentelemetry\opentelemetry-api-incubator\1.38.0-alpha\opentelemetry-api-incubator-1.38.0-alpha.jar;C:\Users\2318686\.m2\repository\io\opentelemetry\opentelemetry-sdk-trace\1.38.0\opentelemetry-sdk-trace-1.38.0.jar;C:\Users\2318686\.m2\repository\io\opentelemetry\opentelemetry-sdk\1.38.0\opentelemetry-sdk-1.38.0.jar;C:\Users\2318686\.m2\repository\io\opentelemetry\opentelemetry-sdk-metrics\1.38.0\opentelemetry-sdk-metrics-1.38.0.jar;C:\Users\2318686\.m2\repository\io\opentelemetry\opentelemetry-sdk-logs\1.38.0\opentelemetry-sdk-logs-1.38.0.jar;C:\Users\2318686\.m2\repository\net\bytebuddy\byte-buddy\1.14.15\byte-buddy-1.14.15.jar;C:\Users\2318686\.m2\repository\org\seleniumhq\selenium\selenium-os\4.21.0\selenium-os-4.21.0.jar;C:\Users\2318686\.m2\repository\org\apache\commons\commons-exec\1.4.0\commons-exec-1.4.0.jar;C:\Users\2318686\.m2\repository\org\seleniumhq\selenium\selenium-safari-driver\4.21.0\selenium-safari-driver-4.21.0.jar;C:\Users\2318686\.m2\repository\org\seleniumhq\selenium\selenium-support\4.21.0\selenium-support-4.21.0.jar;C:\Users\2318686\.m2\repository\junit\junit\4.13.2\junit-4.13.2.jar;C:\Users\2318686\.m2\repository\org\hamcrest\hamcrest-core\1.3\hamcrest-core-1.3.jar;C:\Users\2318686\.m2\repository\org\apache\poi\poi-ooxml\5.2.3\poi-ooxml-5.2.3.jar;C:\Users\2318686\.m2\repository\org\apache\poi\poi\5.2.3\poi-5.2.3.jar;C:\Users\2318686\.m2\repository\commons-codec\commons-codec\1.15\commons-codec-1.15.jar;C:\Users\2318686\.m2\repository\org\apache\commons\commons-math3\3.6.1\commons-math3-3.6.1.jar;C:\Users\2318686\.m2\repository\com\zaxxer\SparseBitSet\1.2\SparseBitSet-1.2.jar;C:\Users\2318686\.m2\repository\org\apache\poi\poi-ooxml-lite\5.2.3\poi-ooxml-lite-5.2.3.jar;C:\Users\2318686\.m2\repository\org\apache\xmlbeans\xmlbeans\5.1.1\xmlbeans-5.1.1.jar;C:\Users\2318686\.m2\repository\org\apache\commons\commons-compress\1.21\commons-compress-1.21.jar;C:\Users\2318686\.m2\repository\commons-io\commons-io\2.11.0\commons-io-2.11.0.jar;C:\Users\2318686\.m2\repository\com\github\virtuald\curvesapi\1.07\curvesapi-1.07.jar;C:\Users\2318686\.m2\repository\org\apache\logging\log4j\log4j-api\2.18.0\log4j-api-2.18.0.jar;C:\Users\2318686\.m2\repository\org\apache\commons\commons-collections4\4.4\commons-collections4-4.4.jar;C:\Users\2318686\.m2\repository\io\cucumber\cucumber-java\7.18.0\cucumber-java-7.18.0.jar;C:\Users\2318686\.m2\repository\io\cucumber\cucumber-core\7.18.0\cucumber-core-7.18.0.jar;C:\Users\2318686\.m2\repository\io\cucumber\cucumber-gherkin\7.18.0\cucumber-gherkin-7.18.0.jar;C:\Users\2318686\.m2\repository\io\cucumber\cucumber-gherkin-messages\7.18.0\cucumber-gherkin-messages-7.18.0.jar;C:\Users\2318686\.m2\repository\io\cucumber\gherkin\28.0.0\gherkin-28.0.0.jar;C:\Users\2318686\.m2\repository\io\cucumber\messages\24.1.0\messages-24.1.0.jar;C:\Users\2318686\.m2\repository\io\cucumber\testng-xml-formatter\0.1.0\testng-xml-formatter-0.1.0.jar;C:\Users\2318686\.m2\repository\io\cucumber\query\12.1.2\query-12.1.2.jar;C:\Users\2318686\.m2\repository\io\cucumber\tag-expressions\6.1.0\tag-expressions-6.1.0.jar;C:\Users\2318686\.m2\repository\io\cucumber\cucumber-expressions\17.1.0\cucumber-expressions-17.1.0.jar;C:\Users\2318686\.m2\repository\io\cucumber\datatable\7.18.0\datatable-7.18.0.jar;C:\Users\2318686\.m2\repository\io\cucumber\cucumber-plugin\7.18.0\cucumber-plugin-7.18.0.jar;C:\Users\2318686\.m2\repository\io\cucumber\docstring\7.18.0\docstring-7.18.0.jar;C:\Users\2318686\.m2\repository\io\cucumber\html-formatter\21.3.1\html-formatter-21.3.1.jar;C:\Users\2318686\.m2\repository\io\cucumber\junit-xml-formatter\0.4.0\junit-xml-formatter-0.4.0.jar;C:\Users\2318686\.m2\repository\io\cucumber\ci-environment\10.0.1\ci-environment-10.0.1.jar;C:\Users\2318686\.m2\repository\org\apiguardian\apiguardian-api\1.1.2\apiguardian-api-1.1.2.jar;C:\Users\2318686\.m2\repository\io\cucumber\cucumber-junit\7.18.0\cucumber-junit-7.18.0.jar;C:\Users\2318686\.m2\repository\log4j\log4j\1.2.17\log4j-1.2.17.jar;"/>
    <property name="sun.cpu.endian" value="little"/>
    <property name="user.home" value="C:\Users\2318686"/>
    <property name="user.language" value="en"/>
    <property name="java.specification.vendor" value="Oracle Corporation"/>
    <property name="java.version.date" value="2023-10-17"/>
    <property name="java.home" value="C:\Users\2318686\OneDrive - Cognizant\Documents\eclipse\plugins\org.eclipse.justj.openjdk.hotspot.jre.full.win32.x86_64_17.0.9.v20231028-0858\jre"/>
    <property name="file.separator" value="\"/>
    <property name="style.color" value="always"/>
    <property name="basedir" value="C:\Users\2318686\eclipse-workspace\FindingInterestHackathon"/>
    <property name="java.vm.compressedOopsMode" value="Zero based"/>
    <property name="line.separator" value="&#10;"/>
    <property name="java.vm.specification.vendor" value="Oracle Corporation"/>
    <property name="java.specification.name" value="Java Platform API Specification"/>
    <property name="surefire.real.class.path" value="C:\Users\2318686\AppData\Local\Temp\surefire11835075298454891071\surefirebooter-20240620173305481_3.jar"/>
    <property name="user.script" value=""/>
    <property name="sun.management.compiler" value="HotSpot 64-Bit Tiered Compilers"/>
    <property name="java.runtime.version" value="17.0.9+9"/>
    <property name="user.name" value="2318686"/>
    <property name="path.separator" value=";"/>
    <property name="os.version" value="10.0"/>
    <property name="java.runtime.name" value="OpenJDK Runtime Environment"/>
    <property name="file.encoding" value="Cp1252"/>
    <property name="java.vm.name" value="OpenJDK 64-Bit Server VM"/>
    <property name="java.vendor.version" value="Temurin-17.0.9+9"/>
    <property name="localRepository" value="C:\Users\2318686\.m2\repository"/>
    <property name="java.vendor.url.bug" value="https://github.com/adoptium/adoptium-support/issues"/>
    <property name="java.io.tmpdir" value="C:\Users\2318686\AppData\Local\Temp\"/>
    <property name="java.version" value="17.0.9"/>
    <property name="user.dir" value="C:\Users\2318686\eclipse-workspace\FindingInterestHackathon"/>
    <property name="os.arch" value="amd64"/>
    <property name="java.vm.specification.name" value="Java Virtual Machine Specification"/>
    <property name="sun.os.patch.level" value=""/>
    <property name="native.encoding" value="Cp1252"/>
    <property name="java.library.path" value="C:\Users\2318686\OneDrive - Cognizant\Documents\eclipse\plugins\org.eclipse.justj.openjdk.hotspot.jre.full.win32.x86_64_17.0.9.v20231028-0858\jre\bin;C:\WINDOWS\Sun\Java\bin;C:\WINDOWS\system32;C:\WINDOWS;C:/Users/2318686/OneDrive - Cognizant/Documents/eclipse//plugins/org.eclipse.justj.openjdk.hotspot.jre.full.win32.x86_64_17.0.9.v20231028-0858/jre/bin/server;C:/Users/2318686/OneDrive - Cognizant/Documents/eclipse//plugins/org.eclipse.justj.openjdk.hotspot.jre.full.win32.x86_64_17.0.9.v20231028-0858/jre/bin;C:\Program Files\Zulu\zulu-17\bin\;C:\WINDOWS\system32;C:\WINDOWS;C:\WINDOWS\System32\Wbem;C:\WINDOWS\System32\WindowsPowerShell\v1.0\;C:\WINDOWS\System32\OpenSSH\;C:\Program Files\Git\cmd;C:\Users\2318686\AppData\Local\Microsoft\WindowsApps;;C:\Users\2318686\AppData\Local\Programs\Microsoft VS Code\bin;C:\Users\2318686\OneDrive - Cognizant\Documents\eclipse;;."/>
    <property name="java.vm.info" value="mixed mode"/>
    <property name="java.vendor" value="Eclipse Adoptium"/>
    <property name="java.vm.version" value="17.0.9+9"/>
    <property name="sun.io.unicode.encoding" value="UnicodeLittle"/>
    <property name="java.class.version" value="61.0"/>
  </properties>
  <testcase name="Calculating car loan emi with various inputs #1" classname="Calculate Car Loan Emi" time="12.362">
    <system-out><![CDATA[
@smoke
Scenario Outline: Calculating car loan emi with various inputs &amp#27;[90m# src/test/resources/features/car_emi_calculator.feature:33&amp#27;[0m
  &amp#27;[32mGiven &amp#27;[0m&amp#27;[32mthe user is on the emi_calculator page using chrome&amp#27;[0m    &amp#27;[90m# cucumber.stepDefinitions.CalculateCarLoanEmiSteps.the_user_is_on_the_emi_calculator_page_using_chrome()&amp#27;[0m

    Embedding clickCarLoanTab_chrome.png [image/png 176924 bytes]

  &amp#27;[32mWhen &amp#27;[0m&amp#27;[32mthe user clicks on the car_loan tab&amp#27;[0m                     &amp#27;[90m# cucumber.stepDefinitions.CalculateCarLoanEmiSteps.the_user_clicks_on_the_car_loan_tab()&amp#27;[0m

    Embedding setCarLoanAmount_chrome.png [image/png 171137 bytes]

  &amp#27;[32mWhen &amp#27;[0m&amp#27;[32mthe user enters the car loan amount &amp#27;[0m&amp#27;[32m&amp#27;[1m1500000&amp#27;[0m             &amp#27;[90m# cucumber.stepDefinitions.CalculateCarLoanEmiSteps.the_user_enters_the_car_loan_amount(java.lang.Integer)&amp#27;[0m

    Embedding setCarLoanInterestRate_chrome.png [image/png 104441 bytes]

  &amp#27;[32mWhen &amp#27;[0m&amp#27;[32mthe user enters the car loan interest &amp#27;[0m&amp#27;[32m&amp#27;[1m9.5&amp#27;[0m               &amp#27;[90m# cucumber.stepDefinitions.CalculateCarLoanEmiSteps.the_user_enters_the_loan_interest(java.lang.Float)&amp#27;[0m

    Embedding setCarLoanTenure_chrome.png [image/png 101430 bytes]

  &amp#27;[32mWhen &amp#27;[0m&amp#27;[32mthe user enters the car loan tenure &amp#27;[0m&amp#27;[32m&amp#27;[1m1&amp#27;[0m&amp#27;[32m year&amp#27;[0m              &amp#27;[90m# cucumber.stepDefinitions.CalculateCarLoanEmiSteps.the_user_enters_the_loan_tenure_year(java.lang.Integer)&amp#27;[0m

    Embedding getEmiDetails_chrome.png [image/png 76190 bytes]


    Embedding getFirstMonthEmiDetails_chrome.png [image/png 106769 bytes]


  Car Loan EMI Details: 
  Monthly EMI Amount: 1,31,525
  Total Interest Amount: 78,303
  Total Principal Amount: 15,78,303
  First Month Interest Amount: ₹ 11,875
  First Month Principal Amount: ₹ 1,19,650

  Calculated Monthly EMI Amount: 131524
  Car Loan EMI Details Verified and Validated.

  &amp#27;[32mThen &amp#27;[0m&amp#27;[32mI verify and display the car emi details&amp#27;[0m                &amp#27;[90m# cucumber.stepDefinitions.CalculateCarLoanEmiSteps.I_verify_and_display_the_emi_details()&amp#27;[0m

    Embedding clickHomeLoanEmiCalculator_chrome.png [image/png 184199 bytes]

  &amp#27;[32mAnd &amp#27;[0m&amp#27;[32mthe user navigates to home_loan_calculator page&amp#27;[0m          &amp#27;[90m# cucumber.stepDefinitions.CalculateCarLoanEmiSteps.the_user_navigates_to_home_loan_calculator_page()&amp#27;[0m
]]></system-out>
  </testcase>
  <testcase name="Calculating car loan emi with various inputs #2" classname="Calculate Car Loan Emi" time="14.599">
    <system-out><![CDATA[
@smoke
Scenario Outline: Calculating car loan emi with various inputs &amp#27;[90m# src/test/resources/features/car_emi_calculator.feature:34&amp#27;[0m
  &amp#27;[32mGiven &amp#27;[0m&amp#27;[32mthe user is on the emi_calculator page using edge&amp#27;[0m      &amp#27;[90m# cucumber.stepDefinitions.CalculateCarLoanEmiSteps.the_user_is_on_the_emi_calculator_page_using_edge()&amp#27;[0m

    Embedding clickCarLoanTab_edge.png [image/png 163814 bytes]

  &amp#27;[32mWhen &amp#27;[0m&amp#27;[32mthe user clicks on the car_loan tab&amp#27;[0m                     &amp#27;[90m# cucumber.stepDefinitions.CalculateCarLoanEmiSteps.the_user_clicks_on_the_car_loan_tab()&amp#27;[0m

    Embedding setCarLoanAmount_edge.png [image/png 161683 bytes]

  &amp#27;[32mWhen &amp#27;[0m&amp#27;[32mthe user enters the car loan amount &amp#27;[0m&amp#27;[32m&amp#27;[1m1500000&amp#27;[0m             &amp#27;[90m# cucumber.stepDefinitions.CalculateCarLoanEmiSteps.the_user_enters_the_car_loan_amount(java.lang.Integer)&amp#27;[0m

    Embedding setCarLoanInterestRate_edge.png [image/png 101482 bytes]

  &amp#27;[32mWhen &amp#27;[0m&amp#27;[32mthe user enters the car loan interest &amp#27;[0m&amp#27;[32m&amp#27;[1m9.5&amp#27;[0m               &amp#27;[90m# cucumber.stepDefinitions.CalculateCarLoanEmiSteps.the_user_enters_the_loan_interest(java.lang.Float)&amp#27;[0m

    Embedding setCarLoanTenure_edge.png [image/png 93234 bytes]

  &amp#27;[32mWhen &amp#27;[0m&amp#27;[32mthe user enters the car loan tenure &amp#27;[0m&amp#27;[32m&amp#27;[1m1&amp#27;[0m&amp#27;[32m year&amp#27;[0m              &amp#27;[90m# cucumber.stepDefinitions.CalculateCarLoanEmiSteps.the_user_enters_the_loan_tenure_year(java.lang.Integer)&amp#27;[0m

    Embedding getEmiDetails_edge.png [image/png 69738 bytes]


    Embedding getFirstMonthEmiDetails_edge.png [image/png 100685 bytes]


  Car Loan EMI Details: 
  Monthly EMI Amount: 1,31,525
  Total Interest Amount: 78,303
  Total Principal Amount: 15,78,303
  First Month Interest Amount: ₹ 11,875
  First Month Principal Amount: ₹ 1,19,650

  Calculated Monthly EMI Amount: 131524
  Car Loan EMI Details Verified and Validated.

  &amp#27;[32mThen &amp#27;[0m&amp#27;[32mI verify and display the car emi details&amp#27;[0m                &amp#27;[90m# cucumber.stepDefinitions.CalculateCarLoanEmiSteps.I_verify_and_display_the_emi_details()&amp#27;[0m

    Embedding clickHomeLoanEmiCalculator_edge.png [image/png 169521 bytes]

  &amp#27;[32mAnd &amp#27;[0m&amp#27;[32mthe user navigates to home_loan_calculator page&amp#27;[0m          &amp#27;[90m# cucumber.stepDefinitions.CalculateCarLoanEmiSteps.the_user_navigates_to_home_loan_calculator_page()&amp#27;[0m
]]></system-out>
    <system-err><![CDATA[Jun 20, 2024 5:33:23 PM org.openqa.selenium.devtools.CdpVersionFinder findNearestMatch
WARNING: Unable to find an exact match for CDP version 126, returning the closest version; found: 125; Please update to a Selenium version that supports CDP version 126
]]></system-err>
  </testcase>
  <testcase name="Calculating detailed home loan information with various inputs #1" classname="Calculate Detailed Home Loan Information Annually" time="14.369">
    <system-out><![CDATA[
@regression1 @regression
Scenario Outline: Calculating detailed home loan information with various inputs     &amp#27;[90m# src/test/resources/features/home_loan_calculator.feature:33&amp#27;[0m
  &amp#27;[32mGiven &amp#27;[0m&amp#27;[32mthe user is on the home_loan_calculator page using chrome&amp#27;[0m                    &amp#27;[90m# cucumber.stepDefinitions.CalculateHomeLoanEmiSteps.the_user_is_on_the_home_loan_calculator_page_using_chrome()&amp#27;[0m

    Embedding setHomeValue_chrome.png [image/png 173097 bytes]

  &amp#27;[32mWhen &amp#27;[0m&amp#27;[32mthe user enters the home value &amp#27;[0m&amp#27;[32m&amp#27;[1m15000000&amp#27;[0m                                       &amp#27;[90m# cucumber.stepDefinitions.CalculateHomeLoanEmiSteps.the_user_enters_the_home_value(java.lang.Integer)&amp#27;[0m

    Embedding setDownPaymentPercentage_chrome.png [image/png 173058 bytes]

  &amp#27;[32mWhen &amp#27;[0m&amp#27;[32mthe user enters the down payment &amp#27;[0m&amp#27;[32m&amp#27;[1m0&amp#27;[0m                                            &amp#27;[90m# cucumber.stepDefinitions.CalculateHomeLoanEmiSteps.the_user_enters_the_down_payment(java.lang.Float)&amp#27;[0m

    Embedding setHomeLoanInterestRate_chrome.png [image/png 108017 bytes]

  &amp#27;[32mWhen &amp#27;[0m&amp#27;[32mthe user enters the home loan interest &amp#27;[0m&amp#27;[32m&amp#27;[1m9&amp#27;[0m                                      &amp#27;[90m# cucumber.stepDefinitions.CalculateHomeLoanEmiSteps.the_user_enters_the_interest_rate(java.lang.Float)&amp#27;[0m

    Embedding setHomeLoanTenure_chrome.png [image/png 107940 bytes]

  &amp#27;[32mWhen &amp#27;[0m&amp#27;[32mthe user enters the home loan tenure &amp#27;[0m&amp#27;[32m&amp#27;[1m20&amp#27;[0m&amp#27;[32m year&amp#27;[0m                                  &amp#27;[90m# cucumber.stepDefinitions.CalculateHomeLoanEmiSteps.the_user_enters_the_loan_tenure_year(java.lang.Integer)&amp#27;[0m
  Yearly payment details excel file created.

    Embedding getYearOnYearTableData_chrome.png [image/png 196088 bytes]

  &amp#27;[32mThen &amp#27;[0m&amp#27;[32mI verify and store the generated year_on_year loan details in an excel format&amp#27;[0m &amp#27;[90m# cucumber.stepDefinitions.CalculateHomeLoanEmiSteps.I_store_the_generated_year_on_year_loan_details_in_an_excel_format()&amp#27;[0m

    Embedding clickLoanCalculator_chrome.png [image/png 265002 bytes]

  &amp#27;[32mAnd &amp#27;[0m&amp#27;[32mthe user navigates to the loan_calculator page&amp#27;[0m                                 &amp#27;[90m# cucumber.stepDefinitions.CalculateHomeLoanEmiSteps.the_user_navigates_to_loan_calculator_page()&amp#27;[0m
]]></system-out>
    <system-err><![CDATA[ERROR StatusLogger Log4j2 could not find a logging implementation. Please add log4j-core to the classpath. Using SimpleLogger to log to the console...
]]></system-err>
  </testcase>
  <testcase name="Calculating detailed home loan information with various inputs #2" classname="Calculate Detailed Home Loan Information Annually" time="23.002">
    <system-out><![CDATA[
@regression1 @regression
Scenario Outline: Calculating detailed home loan information with various inputs     &amp#27;[90m# src/test/resources/features/home_loan_calculator.feature:34&amp#27;[0m
  &amp#27;[32mGiven &amp#27;[0m&amp#27;[32mthe user is on the home_loan_calculator page using edge&amp#27;[0m                      &amp#27;[90m# cucumber.stepDefinitions.CalculateHomeLoanEmiSteps.the_user_is_on_the_home_loan_calculator_page_using_edge()&amp#27;[0m

    Embedding setHomeValue_edge.png [image/png 166143 bytes]

  &amp#27;[32mWhen &amp#27;[0m&amp#27;[32mthe user enters the home value &amp#27;[0m&amp#27;[32m&amp#27;[1m7500000&amp#27;[0m                                        &amp#27;[90m# cucumber.stepDefinitions.CalculateHomeLoanEmiSteps.the_user_enters_the_home_value(java.lang.Integer)&amp#27;[0m

    Embedding setDownPaymentPercentage_edge.png [image/png 165452 bytes]

  &amp#27;[32mWhen &amp#27;[0m&amp#27;[32mthe user enters the down payment &amp#27;[0m&amp#27;[32m&amp#27;[1m0&amp#27;[0m                                            &amp#27;[90m# cucumber.stepDefinitions.CalculateHomeLoanEmiSteps.the_user_enters_the_down_payment(java.lang.Float)&amp#27;[0m

    Embedding setHomeLoanInterestRate_edge.png [image/png 101350 bytes]

  &amp#27;[32mWhen &amp#27;[0m&amp#27;[32mthe user enters the home loan interest &amp#27;[0m&amp#27;[32m&amp#27;[1m9.5&amp#27;[0m                                    &amp#27;[90m# cucumber.stepDefinitions.CalculateHomeLoanEmiSteps.the_user_enters_the_interest_rate(java.lang.Float)&amp#27;[0m

    Embedding setHomeLoanTenure_edge.png [image/png 101412 bytes]

  &amp#27;[32mWhen &amp#27;[0m&amp#27;[32mthe user enters the home loan tenure &amp#27;[0m&amp#27;[32m&amp#27;[1m20&amp#27;[0m&amp#27;[32m year&amp#27;[0m                                  &amp#27;[90m# cucumber.stepDefinitions.CalculateHomeLoanEmiSteps.the_user_enters_the_loan_tenure_year(java.lang.Integer)&amp#27;[0m
  Yearly payment details excel file created.

    Embedding getYearOnYearTableData_edge.png [image/png 183025 bytes]

  &amp#27;[32mThen &amp#27;[0m&amp#27;[32mI verify and store the generated year_on_year loan details in an excel format&amp#27;[0m &amp#27;[90m# cucumber.stepDefinitions.CalculateHomeLoanEmiSteps.I_store_the_generated_year_on_year_loan_details_in_an_excel_format()&amp#27;[0m

    Embedding clickLoanCalculator_edge.png [image/png 242914 bytes]

  &amp#27;[32mAnd &amp#27;[0m&amp#27;[32mthe user navigates to the loan_calculator page&amp#27;[0m                                 &amp#27;[90m# cucumber.stepDefinitions.CalculateHomeLoanEmiSteps.the_user_navigates_to_loan_calculator_page()&amp#27;[0m
]]></system-out>
    <system-err><![CDATA[Jun 20, 2024 5:33:51 PM org.openqa.selenium.devtools.CdpVersionFinder findNearestMatch
WARNING: Unable to find an exact match for CDP version 126, returning the closest version; found: 125; Please update to a Selenium version that supports CDP version 126
]]></system-err>
  </testcase>
  <testcase name="Performing UI tests on various loan tools #1" classname="Calculate Loan Information" time="41.739">
    <system-out><![CDATA[
@regression2 @regression
Scenario Outline: Performing UI tests on various loan tools                  &amp#27;[90m# src/test/resources/features/loan_calculator.feature:56&amp#27;[0m
  &amp#27;[32mGiven &amp#27;[0m&amp#27;[32mthe user is on the loan_calculator page using chrome&amp#27;[0m                 &amp#27;[90m# cucumber.stepDefinitions.PerformUITestsOnLoanCalculatorSteps.the_user_is_on_the_loan_calculator_page_using_chrome()&amp#27;[0m

    Embedding clickEmiCalculatorTab_chrome.png [image/png 216926 bytes]

  &amp#27;[32mAnd &amp#27;[0m&amp#27;[32mthe user clicks on the emi_calculator tab&amp#27;[0m                              &amp#27;[90m# cucumber.stepDefinitions.PerformUITestsOnLoanCalculatorSteps.the_user_clicks_on_the_emi_calculator_tab()&amp#27;[0m

    Embedding setLoanAmountOnInput_chrome.png [image/png 154152 bytes]

  &amp#27;[32mWhen &amp#27;[0m&amp#27;[32mthe user on emi_calculator tab enters the loan amount &amp#27;[0m&amp#27;[32m&amp#27;[1m7000000&amp#27;[0m         &amp#27;[90m# cucumber.stepDefinitions.PerformUITestsOnLoanCalculatorSteps.the_user_on_emi_calculator_tab_enters_the_loan_amount(java.lang.Integer)&amp#27;[0m

    Embedding setLoanInterestOnInput_chrome.png [image/png 142253 bytes]

  &amp#27;[32mWhen &amp#27;[0m&amp#27;[32mthe user on emi_calculator tab enters the loan interest &amp#27;[0m&amp#27;[32m&amp#27;[1m12.5&amp#27;[0m          &amp#27;[90m# cucumber.stepDefinitions.PerformUITestsOnLoanCalculatorSteps.the_user_on_emi_calculator_tab_enters_the_loan_interest(java.lang.Float)&amp#27;[0m

    Embedding setLoanTenureOnInput_chrome.png [image/png 107048 bytes]

  &amp#27;[32mWhen &amp#27;[0m&amp#27;[32mthe user on emi_calculator tab enters the loan tenure &amp#27;[0m&amp#27;[32m&amp#27;[1m10&amp#27;[0m&amp#27;[32m year&amp#27;[0m         &amp#27;[90m# cucumber.stepDefinitions.PerformUITestsOnLoanCalculatorSteps.the_user_on_emi_calculator_tab_enters_the_loan_tenure_year(java.lang.Integer)&amp#27;[0m

    Embedding setLoanFeesOnInput_chrome.png [image/png 94674 bytes]

  &amp#27;[32mWhen &amp#27;[0m&amp#27;[32mthe user on emi_calculator tab enters the loan fees &amp#27;[0m&amp#27;[32m&amp#27;[1m0&amp#27;[0m                 &amp#27;[90m# cucumber.stepDefinitions.PerformUITestsOnLoanCalculatorSteps.the_user_on_emi_calculator_tab_enters_the_loan_fees(java.lang.Integer)&amp#27;[0m
  &amp#27;[32mThen &amp#27;[0m&amp#27;[32mI verify the loan amount ui on emi_calculator tab&amp#27;[0m                     &amp#27;[90m# cucumber.stepDefinitions.PerformUITestsOnLoanCalculatorSteps.I_verify_the_loan_amount_ui_on_emi_calculator_tab()&amp#27;[0m
  &amp#27;[32mThen &amp#27;[0m&amp#27;[32mI verify the loan interest ui on emi_calculator tab&amp#27;[0m                   &amp#27;[90m# cucumber.stepDefinitions.PerformUITestsOnLoanCalculatorSteps.I_verify_the_loan_interest_ui_on_emi_calculator_tab()&amp#27;[0m
  &amp#27;[32mThen &amp#27;[0m&amp#27;[32mI verify the loan tenure year ui on emi_calculator tab&amp#27;[0m                &amp#27;[90m# cucumber.stepDefinitions.PerformUITestsOnLoanCalculatorSteps.I_verify_the_year_loan_tenure_ui_on_emi_calculator_tab()&amp#27;[0m
  &amp#27;[32mThen &amp#27;[0m&amp#27;[32mI verify the loan fees ui on emi_calculator tab&amp#27;[0m                       &amp#27;[90m# cucumber.stepDefinitions.PerformUITestsOnLoanCalculatorSteps.I_verify_the_loan_fees_ui_on_emi_calculator_tab()&amp#27;[0m

    Embedding clickLoanAmountCalculatorTab_chrome.png [image/png 214431 bytes]

  &amp#27;[32mGiven &amp#27;[0m&amp#27;[32mthe user clicks on the loan_amount_calculator tab&amp#27;[0m                    &amp#27;[90m# cucumber.stepDefinitions.PerformUITestsOnLoanCalculatorSteps.the_user_clicks_on_the_loan_amount_calculator_tab()&amp#27;[0m

    Embedding setEmiOnInput_chrome.png [image/png 147777 bytes]

  &amp#27;[32mWhen &amp#27;[0m&amp#27;[32mthe user on loan_amount_calculator tab enters the emi amount &amp#27;[0m&amp#27;[32m&amp#27;[1m90000&amp#27;[0m    &amp#27;[90m# cucumber.stepDefinitions.PerformUITestsOnLoanCalculatorSteps.the_user_on_loan_amount_calculator_tab_enters_the_emi_amount(java.lang.Integer)&amp#27;[0m

    Embedding setLoanInterestOnInput_chrome.png [image/png 131108 bytes]

  &amp#27;[32mWhen &amp#27;[0m&amp#27;[32mthe user on loan_amount_calculator tab enters the loan interest &amp#27;[0m&amp#27;[32m&amp#27;[1m12.5&amp#27;[0m  &amp#27;[90m# cucumber.stepDefinitions.PerformUITestsOnLoanCalculatorSteps.the_user_on_loan_amount_calculator_tab_enters_the_loan_interest(java.lang.Float)&amp#27;[0m

    Embedding setLoanTenureOnInput_chrome.png [image/png 102482 bytes]

  &amp#27;[32mWhen &amp#27;[0m&amp#27;[32mthe user on loan_amount_calculator tab enters the loan tenure &amp#27;[0m&amp#27;[32m&amp#27;[1m10&amp#27;[0m&amp#27;[32m year&amp#27;[0m &amp#27;[90m# cucumber.stepDefinitions.PerformUITestsOnLoanCalculatorSteps.the_user_on_loan_amount_calculator_tab_enters_the_loan_tenure_year(java.lang.Integer)&amp#27;[0m

    Embedding setLoanFeesOnInput_chrome.png [image/png 88511 bytes]

  &amp#27;[32mWhen &amp#27;[0m&amp#27;[32mthe user on loan_amount_calculator tab enters the loan fees &amp#27;[0m&amp#27;[32m&amp#27;[1m0&amp#27;[0m         &amp#27;[90m# cucumber.stepDefinitions.PerformUITestsOnLoanCalculatorSteps.the_user_on_loan_amount_calculator_tab_enters_the_loan_fees(java.lang.Integer)&amp#27;[0m
  &amp#27;[32mThen &amp#27;[0m&amp#27;[32mI verify the loan emi ui on loan_amount_calculator tab&amp#27;[0m                &amp#27;[90m# cucumber.stepDefinitions.PerformUITestsOnLoanCalculatorSteps.I_verify_the_loan_emi_ui_on_loan_amount_calculator_tab()&amp#27;[0m
  &amp#27;[32mThen &amp#27;[0m&amp#27;[32mI verify the loan interest ui on loan_amount_calculator tab&amp#27;[0m           &amp#27;[90m# cucumber.stepDefinitions.PerformUITestsOnLoanCalculatorSteps.I_verify_the_loan_interest_ui_on_loan_amount_calculator_tab()&amp#27;[0m
  &amp#27;[32mThen &amp#27;[0m&amp#27;[32mI verify the loan tenure year ui on loan_amount_calculator tab&amp#27;[0m        &amp#27;[90m# cucumber.stepDefinitions.PerformUITestsOnLoanCalculatorSteps.I_verify_the_year_loan_tenure_ui_on_loan_amount_calculator_tab()&amp#27;[0m
  &amp#27;[32mThen &amp#27;[0m&amp#27;[32mI verify the loan fees ui on loan_amount_calculator tab&amp#27;[0m               &amp#27;[90m# cucumber.stepDefinitions.PerformUITestsOnLoanCalculatorSteps.I_verify_the_loan_fees_ui_on_loan_amount_calculator_tab()&amp#27;[0m

    Embedding clickLoanTenureCalculatorTab_chrome.png [image/png 216681 bytes]

  &amp#27;[32mGiven &amp#27;[0m&amp#27;[32mthe user clicks on the loan_tenure_calculator tab&amp#27;[0m                    &amp#27;[90m# cucumber.stepDefinitions.PerformUITestsOnLoanCalculatorSteps.the_user_clicks_on_the_loan_tenure_calculator_tab()&amp#27;[0m

    Embedding setLoanAmountOnInput_chrome.png [image/png 152819 bytes]

  &amp#27;[32mWhen &amp#27;[0m&amp#27;[32mthe user on loan_tenure_calculator tab enters the loan amount &amp#27;[0m&amp#27;[32m&amp#27;[1m7000000&amp#27;[0m &amp#27;[90m# cucumber.stepDefinitions.PerformUITestsOnLoanCalculatorSteps.the_user_on_loan_tenure_calculator_tab_enters_the_loan_amount(java.lang.Integer)&amp#27;[0m

    Embedding setEmiOnInput_chrome.png [image/png 142892 bytes]

  &amp#27;[32mWhen &amp#27;[0m&amp#27;[32mthe user on loan_tenure_calculator tab enters the emi amount &amp#27;[0m&amp#27;[32m&amp#27;[1m90000&amp#27;[0m    &amp#27;[90m# cucumber.stepDefinitions.PerformUITestsOnLoanCalculatorSteps.the_user_on_loan_tenure_calculator_tab_enters_the_emi_amount(java.lang.Integer)&amp#27;[0m

    Embedding setLoanInterestOnInput_chrome.png [image/png 106439 bytes]

  &amp#27;[32mWhen &amp#27;[0m&amp#27;[32mthe user on loan_tenure_calculator tab enters the loan interest &amp#27;[0m&amp#27;[32m&amp#27;[1m12.5&amp#27;[0m  &amp#27;[90m# cucumber.stepDefinitions.PerformUITestsOnLoanCalculatorSteps.the_user_on_loan_tenure_calculator_tab_enters_the_loan_interest(java.lang.Float)&amp#27;[0m

    Embedding setLoanFeesOnInput_chrome.png [image/png 95270 bytes]

  &amp#27;[32mWhen &amp#27;[0m&amp#27;[32mthe user on loan_tenure_calculator tab enters the loan fees &amp#27;[0m&amp#27;[32m&amp#27;[1m0&amp#27;[0m         &amp#27;[90m# cucumber.stepDefinitions.PerformUITestsOnLoanCalculatorSteps.the_user_on_loan_tenure_calculator_tab_enters_the_loan_fees(java.lang.Integer)&amp#27;[0m
  &amp#27;[32mThen &amp#27;[0m&amp#27;[32mI verify the loan amount ui on loan_tenure_calculator tab&amp#27;[0m             &amp#27;[90m# cucumber.stepDefinitions.PerformUITestsOnLoanCalculatorSteps.I_verify_the_loan_amount_ui_on_loan_tenure_calculator_tab()&amp#27;[0m
  &amp#27;[32mThen &amp#27;[0m&amp#27;[32mI verify the loan emi ui on loan_tenure_calculator tab&amp#27;[0m                &amp#27;[90m# cucumber.stepDefinitions.PerformUITestsOnLoanCalculatorSteps.I_verify_the_loan_emi_ui_on_loan_tenure_calculator_tab()&amp#27;[0m
  &amp#27;[32mThen &amp#27;[0m&amp#27;[32mI verify the loan interest ui on loan_tenure_calculator tab&amp#27;[0m           &amp#27;[90m# cucumber.stepDefinitions.PerformUITestsOnLoanCalculatorSteps.I_verify_the_loan_interest_ui_on_loan_tenure_calculator_tab()&amp#27;[0m
  &amp#27;[32mThen &amp#27;[0m&amp#27;[32mI verify the loan fees ui on loan_tenure_calculator tab&amp#27;[0m               &amp#27;[90m# cucumber.stepDefinitions.PerformUITestsOnLoanCalculatorSteps.I_verify_the_loan_fees_ui_on_loan_tenure_calculator_tab()&amp#27;[0m
]]></system-out>
  </testcase>
  <testcase name="Performing UI tests on various loan tools #2" classname="Calculate Loan Information" time="64.438">
    <system-out><![CDATA[
@regression2 @regression
Scenario Outline: Performing UI tests on various loan tools                   &amp#27;[90m# src/test/resources/features/loan_calculator.feature:57&amp#27;[0m
  &amp#27;[32mGiven &amp#27;[0m&amp#27;[32mthe user is on the loan_calculator page using edge&amp#27;[0m                    &amp#27;[90m# cucumber.stepDefinitions.PerformUITestsOnLoanCalculatorSteps.the_user_is_on_the_loan_calculator_page_using_edge()&amp#27;[0m

    Embedding clickEmiCalculatorTab_edge.png [image/png 202984 bytes]

  &amp#27;[32mAnd &amp#27;[0m&amp#27;[32mthe user clicks on the emi_calculator tab&amp#27;[0m                               &amp#27;[90m# cucumber.stepDefinitions.PerformUITestsOnLoanCalculatorSteps.the_user_clicks_on_the_emi_calculator_tab()&amp#27;[0m

    Embedding setLoanAmountOnInput_edge.png [image/png 141471 bytes]

  &amp#27;[32mWhen &amp#27;[0m&amp#27;[32mthe user on emi_calculator tab enters the loan amount &amp#27;[0m&amp#27;[32m&amp#27;[1m5000000&amp#27;[0m          &amp#27;[90m# cucumber.stepDefinitions.PerformUITestsOnLoanCalculatorSteps.the_user_on_emi_calculator_tab_enters_the_loan_amount(java.lang.Integer)&amp#27;[0m

    Embedding setLoanInterestOnInput_edge.png [image/png 136833 bytes]

  &amp#27;[32mWhen &amp#27;[0m&amp#27;[32mthe user on emi_calculator tab enters the loan interest &amp#27;[0m&amp#27;[32m&amp#27;[1m13&amp#27;[0m             &amp#27;[90m# cucumber.stepDefinitions.PerformUITestsOnLoanCalculatorSteps.the_user_on_emi_calculator_tab_enters_the_loan_interest(java.lang.Float)&amp#27;[0m

    Embedding setLoanTenureOnInput_edge.png [image/png 141323 bytes]

  &amp#27;[32mWhen &amp#27;[0m&amp#27;[32mthe user on emi_calculator tab enters the loan tenure &amp#27;[0m&amp#27;[32m&amp#27;[1m60&amp#27;[0m&amp#27;[32m month&amp#27;[0m         &amp#27;[90m# cucumber.stepDefinitions.PerformUITestsOnLoanCalculatorSteps.the_user_on_emi_calculator_tab_enters_the_loan_tenure_month(java.lang.Integer)&amp#27;[0m

    Embedding setLoanFeesOnInput_edge.png [image/png 198537 bytes]

  &amp#27;[32mWhen &amp#27;[0m&amp#27;[32mthe user on emi_calculator tab enters the loan fees &amp#27;[0m&amp#27;[32m&amp#27;[1m0&amp#27;[0m                  &amp#27;[90m# cucumber.stepDefinitions.PerformUITestsOnLoanCalculatorSteps.the_user_on_emi_calculator_tab_enters_the_loan_fees(java.lang.Integer)&amp#27;[0m
  &amp#27;[32mThen &amp#27;[0m&amp#27;[32mI verify the loan amount ui on emi_calculator tab&amp#27;[0m                      &amp#27;[90m# cucumber.stepDefinitions.PerformUITestsOnLoanCalculatorSteps.I_verify_the_loan_amount_ui_on_emi_calculator_tab()&amp#27;[0m
  &amp#27;[32mThen &amp#27;[0m&amp#27;[32mI verify the loan interest ui on emi_calculator tab&amp#27;[0m                    &amp#27;[90m# cucumber.stepDefinitions.PerformUITestsOnLoanCalculatorSteps.I_verify_the_loan_interest_ui_on_emi_calculator_tab()&amp#27;[0m
  &amp#27;[32mThen &amp#27;[0m&amp#27;[32mI verify the loan tenure month ui on emi_calculator tab&amp#27;[0m                &amp#27;[90m# cucumber.stepDefinitions.PerformUITestsOnLoanCalculatorSteps.I_verify_the_month_loan_tenure_ui_on_emi_calculator_tab()&amp#27;[0m
  &amp#27;[32mThen &amp#27;[0m&amp#27;[32mI verify the loan fees ui on emi_calculator tab&amp#27;[0m                        &amp#27;[90m# cucumber.stepDefinitions.PerformUITestsOnLoanCalculatorSteps.I_verify_the_loan_fees_ui_on_emi_calculator_tab()&amp#27;[0m

    Embedding clickLoanAmountCalculatorTab_edge.png [image/png 200446 bytes]

  &amp#27;[32mGiven &amp#27;[0m&amp#27;[32mthe user clicks on the loan_amount_calculator tab&amp#27;[0m                     &amp#27;[90m# cucumber.stepDefinitions.PerformUITestsOnLoanCalculatorSteps.the_user_clicks_on_the_loan_amount_calculator_tab()&amp#27;[0m

    Embedding setEmiOnInput_edge.png [image/png 139983 bytes]

  &amp#27;[32mWhen &amp#27;[0m&amp#27;[32mthe user on loan_amount_calculator tab enters the emi amount &amp#27;[0m&amp#27;[32m&amp#27;[1m60000&amp#27;[0m     &amp#27;[90m# cucumber.stepDefinitions.PerformUITestsOnLoanCalculatorSteps.the_user_on_loan_amount_calculator_tab_enters_the_emi_amount(java.lang.Integer)&amp#27;[0m

    Embedding setLoanInterestOnInput_edge.png [image/png 124776 bytes]

  &amp#27;[32mWhen &amp#27;[0m&amp#27;[32mthe user on loan_amount_calculator tab enters the loan interest &amp#27;[0m&amp#27;[32m&amp#27;[1m13&amp#27;[0m     &amp#27;[90m# cucumber.stepDefinitions.PerformUITestsOnLoanCalculatorSteps.the_user_on_loan_amount_calculator_tab_enters_the_loan_interest(java.lang.Float)&amp#27;[0m

    Embedding setLoanTenureOnInput_edge.png [image/png 151389 bytes]

  &amp#27;[32mWhen &amp#27;[0m&amp#27;[32mthe user on loan_amount_calculator tab enters the loan tenure &amp#27;[0m&amp#27;[32m&amp#27;[1m60&amp#27;[0m&amp#27;[32m month&amp#27;[0m &amp#27;[90m# cucumber.stepDefinitions.PerformUITestsOnLoanCalculatorSteps.the_user_on_loan_amount_calculator_tab_enters_the_loan_tenure_month(java.lang.Integer)&amp#27;[0m

    Embedding setLoanFeesOnInput_edge.png [image/png 202661 bytes]

  &amp#27;[32mWhen &amp#27;[0m&amp#27;[32mthe user on loan_amount_calculator tab enters the loan fees &amp#27;[0m&amp#27;[32m&amp#27;[1m0&amp#27;[0m          &amp#27;[90m# cucumber.stepDefinitions.PerformUITestsOnLoanCalculatorSteps.the_user_on_loan_amount_calculator_tab_enters_the_loan_fees(java.lang.Integer)&amp#27;[0m
  &amp#27;[32mThen &amp#27;[0m&amp#27;[32mI verify the loan emi ui on loan_amount_calculator tab&amp#27;[0m                 &amp#27;[90m# cucumber.stepDefinitions.PerformUITestsOnLoanCalculatorSteps.I_verify_the_loan_emi_ui_on_loan_amount_calculator_tab()&amp#27;[0m
  &amp#27;[32mThen &amp#27;[0m&amp#27;[32mI verify the loan interest ui on loan_amount_calculator tab&amp#27;[0m            &amp#27;[90m# cucumber.stepDefinitions.PerformUITestsOnLoanCalculatorSteps.I_verify_the_loan_interest_ui_on_loan_amount_calculator_tab()&amp#27;[0m
  &amp#27;[32mThen &amp#27;[0m&amp#27;[32mI verify the loan tenure month ui on loan_amount_calculator tab&amp#27;[0m        &amp#27;[90m# cucumber.stepDefinitions.PerformUITestsOnLoanCalculatorSteps.I_verify_the_month_loan_tenure_ui_on_loan_amount_calculator_tab()&amp#27;[0m
  &amp#27;[32mThen &amp#27;[0m&amp#27;[32mI verify the loan fees ui on loan_amount_calculator tab&amp#27;[0m                &amp#27;[90m# cucumber.stepDefinitions.PerformUITestsOnLoanCalculatorSteps.I_verify_the_loan_fees_ui_on_loan_amount_calculator_tab()&amp#27;[0m

    Embedding clickLoanTenureCalculatorTab_edge.png [image/png 202646 bytes]

  &amp#27;[32mGiven &amp#27;[0m&amp#27;[32mthe user clicks on the loan_tenure_calculator tab&amp#27;[0m                     &amp#27;[90m# cucumber.stepDefinitions.PerformUITestsOnLoanCalculatorSteps.the_user_clicks_on_the_loan_tenure_calculator_tab()&amp#27;[0m

    Embedding setLoanAmountOnInput_edge.png [image/png 139450 bytes]

  &amp#27;[32mWhen &amp#27;[0m&amp#27;[32mthe user on loan_tenure_calculator tab enters the loan amount &amp#27;[0m&amp#27;[32m&amp#27;[1m5000000&amp#27;[0m  &amp#27;[90m# cucumber.stepDefinitions.PerformUITestsOnLoanCalculatorSteps.the_user_on_loan_tenure_calculator_tab_enters_the_loan_amount(java.lang.Integer)&amp#27;[0m

    Embedding setEmiOnInput_edge.png [image/png 137054 bytes]

  &amp#27;[32mWhen &amp#27;[0m&amp#27;[32mthe user on loan_tenure_calculator tab enters the emi amount &amp#27;[0m&amp#27;[32m&amp#27;[1m60000&amp#27;[0m     &amp#27;[90m# cucumber.stepDefinitions.PerformUITestsOnLoanCalculatorSteps.the_user_on_loan_tenure_calculator_tab_enters_the_emi_amount(java.lang.Integer)&amp#27;[0m

    Embedding setLoanInterestOnInput_edge.png [image/png 140477 bytes]

  &amp#27;[32mWhen &amp#27;[0m&amp#27;[32mthe user on loan_tenure_calculator tab enters the loan interest &amp#27;[0m&amp#27;[32m&amp#27;[1m13&amp#27;[0m     &amp#27;[90m# cucumber.stepDefinitions.PerformUITestsOnLoanCalculatorSteps.the_user_on_loan_tenure_calculator_tab_enters_the_loan_interest(java.lang.Float)&amp#27;[0m

    Embedding setLoanFeesOnInput_edge.png [image/png 198234 bytes]

  &amp#27;[32mWhen &amp#27;[0m&amp#27;[32mthe user on loan_tenure_calculator tab enters the loan fees &amp#27;[0m&amp#27;[32m&amp#27;[1m0&amp#27;[0m          &amp#27;[90m# cucumber.stepDefinitions.PerformUITestsOnLoanCalculatorSteps.the_user_on_loan_tenure_calculator_tab_enters_the_loan_fees(java.lang.Integer)&amp#27;[0m
  &amp#27;[32mThen &amp#27;[0m&amp#27;[32mI verify the loan amount ui on loan_tenure_calculator tab&amp#27;[0m              &amp#27;[90m# cucumber.stepDefinitions.PerformUITestsOnLoanCalculatorSteps.I_verify_the_loan_amount_ui_on_loan_tenure_calculator_tab()&amp#27;[0m
  &amp#27;[32mThen &amp#27;[0m&amp#27;[32mI verify the loan emi ui on loan_tenure_calculator tab&amp#27;[0m                 &amp#27;[90m# cucumber.stepDefinitions.PerformUITestsOnLoanCalculatorSteps.I_verify_the_loan_emi_ui_on_loan_tenure_calculator_tab()&amp#27;[0m
  &amp#27;[32mThen &amp#27;[0m&amp#27;[32mI verify the loan interest ui on loan_tenure_calculator tab&amp#27;[0m            &amp#27;[90m# cucumber.stepDefinitions.PerformUITestsOnLoanCalculatorSteps.I_verify_the_loan_interest_ui_on_loan_tenure_calculator_tab()&amp#27;[0m
  &amp#27;[32mThen &amp#27;[0m&amp#27;[32mI verify the loan fees ui on loan_tenure_calculator tab&amp#27;[0m                &amp#27;[90m# cucumber.stepDefinitions.PerformUITestsOnLoanCalculatorSteps.I_verify_the_loan_fees_ui_on_loan_tenure_calculator_tab()&amp#27;[0m
]]></system-out>
    <system-err><![CDATA[Jun 20, 2024 5:34:56 PM org.openqa.selenium.devtools.CdpVersionFinder findNearestMatch
WARNING: Unable to find an exact match for CDP version 126, returning the closest version; found: 125; Please update to a Selenium version that supports CDP version 126
]]></system-err>
  </testcase>
</testsuite>