<?xml version="1.0" encoding="UTF-8"?>
<!-- Generated by org.testng.reporters.JUnitReportReporter -->
<testsuite hostname="CyberLap" failures="0" tests="6" name="cucumber.runners.TestRunner" time="79.674" errors="0" timestamp="2024-06-16T23:01:18 IST" skipped="0">
  <testcase classname="cucumber.runners.TestRunner" name="runScenario" time="9.844"/>
  <testcase classname="cucumber.runners.TestRunner" name="runScenario" time="10.206"/>
  <testcase classname="cucumber.runners.TestRunner" name="runScenario" time="19.643"/>
  <testcase classname="cucumber.runners.TestRunner" name="runScenario" time="10.877"/>
  <testcase classname="cucumber.runners.TestRunner" name="runScenario" time="19.301"/>
  <testcase classname="cucumber.runners.TestRunner" name="runScenario" time="9.803"/>
</testsuite> <!-- cucumber.runners.TestRunner -->
