<?xml version="1.0" encoding="UTF-8"?>
<!-- Generated by org.testng.reporters.JUnitReportReporter -->
<testsuite hostname="CyberLap" failures="0" tests="3" name="cucumber.runners.TestRunner" time="37.479" errors="0" timestamp="2024-06-16T05:34:38 IST" skipped="0">
  <testcase classname="cucumber.runners.TestRunner" name="runScenario" time="13.043"/>
  <testcase classname="cucumber.runners.TestRunner" name="runScenario" time="6.950"/>
  <testcase classname="cucumber.runners.TestRunner" name="runScenario" time="17.486"/>
</testsuite> <!-- cucumber.runners.TestRunner -->
