<?xml version="1.0" encoding="UTF-8"?>
<!-- Generated by org.testng.reporters.JUnitReportReporter -->
<testsuite hostname="CyberLap" failures="0" tests="3" name="testng.TestCase1" time="55.074" errors="0" timestamp="2024-06-15T19:30:41 IST" skipped="0">
  <testcase classname="testng.TestCase1" name="run" time="8.684"/>
  <system-out/>
  <testcase classname="testng.TestCase1" name="run2" time="8.403"/>
  <system-out/>
  <testcase classname="testng.TestCase1" name="run3" time="37.987"/>
  <system-out/>
</testsuite> <!-- testng.TestCase1 -->
