<?xml version="1.0" encoding="UTF-8"?>
<!-- Generated by org.testng.reporters.JUnitReportReporter -->
<testsuite hostname="LTIN402342" failures="0" tests="1" name="selenium.EmiCalculatorTest" time="10.007" errors="0" timestamp="2024-06-12T23:55:36 IST" skipped="0">
  <testcase classname="selenium.EmiCalculatorTest" name="test" time="10.007"/>
  <system-out/>
</testsuite> <!-- selenium.EmiCalculatorTest -->
