<?xml version="1.0" encoding="UTF-8"?>
<!-- Generated by org.testng.reporters.JUnitReportReporter -->
<testsuite hostname="CyberLap" failures="0" tests="3" name="cucumber.runners.TestRunner" time="51.914" errors="0" timestamp="2024-06-16T05:07:57 IST" skipped="0">
  <testcase classname="cucumber.runners.TestRunner" name="runScenario" time="8.552"/>
  <testcase classname="cucumber.runners.TestRunner" name="runScenario" time="18.912"/>
  <testcase classname="cucumber.runners.TestRunner" name="runScenario" time="24.450"/>
</testsuite> <!-- cucumber.runners.TestRunner -->
