<?xml version="1.0" encoding="UTF-8"?>
<!-- Generated by org.testng.reporters.JUnitReportReporter -->
<testsuite hostname="CyberLap" failures="0" tests="3" name="testCases.TestCase1" time="45.163" errors="0" timestamp="2024-06-15T05:43:07 IST" skipped="0">
  <testcase classname="testCases.TestCase1" name="run" time="19.300"/>
  <system-out/>
  <testcase classname="testCases.TestCase1" name="run2" time="8.593"/>
  <system-out/>
  <testcase classname="testCases.TestCase1" name="run3" time="17.270"/>
  <system-out/>
</testsuite> <!-- testCases.TestCase1 -->
