<?xml version="1.0" encoding="UTF-8"?>
<!-- Generated by org.testng.reporters.JUnitReportReporter -->
<testsuite hostname="CyberLap" failures="0" tests="3" name="testCases.TestCase1" time="36.544" errors="0" timestamp="2024-06-15T16:45:45 IST" skipped="0">
  <testcase classname="testCases.TestCase1" name="run" time="8.127"/>
  <system-out/>
  <testcase classname="testCases.TestCase1" name="run2" time="9.262"/>
  <system-out/>
  <testcase classname="testCases.TestCase1" name="run3" time="19.155"/>
  <system-out/>
</testsuite> <!-- testCases.TestCase1 -->
