<?xml version="1.0" encoding="UTF-8"?>
<!-- Generated by org.testng.reporters.JUnitReportReporter -->
<testsuite hostname="CyberLap" failures="0" tests="1" name="testCases.TestCase1" time="5.067" errors="0" timestamp="2024-06-14T22:15:33 IST" skipped="0">
  <testcase classname="testCases.TestCase1" name="run" time="5.067"/>
  <system-out/>
</testsuite> <!-- testCases.TestCase1 -->
